kotlin version: 2.2.21
error message: java.lang.RuntimeException: Exception while generating code for:
FUN LOCAL_FUNCTION_FOR_LAMBDA name:showLeaderboardContent$lambda$0$0 visibility:private modality:FINAL returnType:kotlin.Unit?
  VALUE_PARAMETER BOUND_VALUE_PARAMETER kind:Regular name:this$0 index:0 type:com.example.sheeps.leaderboard.LeaderboardActivity
  BLOCK_BODY
    VAR PROPERTY_DELEGATE name:selectedTab$delegate type:androidx.compose.runtime.MutableState<kotlin.String> [val]
      CALL 'public final fun remember <T> (calculation: @[DisallowComposableCalls] kotlin.Function0<T of androidx.compose.runtime.ComposablesKt.remember>): T of androidx.compose.runtime.ComposablesKt.remember [inline] declared in androidx.compose.runtime.ComposablesKt' type=androidx.compose.runtime.MutableState<kotlin.String> origin=null
        TYPE_ARG T: androidx.compose.runtime.MutableState<kotlin.String>
        ARG calculation: BLOCK type=kotlin.Function0<androidx.compose.runtime.MutableState<kotlin.String>> origin=LAMBDA
          COMPOSITE type=kotlin.Unit origin=null
          FUNCTION_REFERENCE 'private final fun showLeaderboardContent$lambda$0$0$0 (): androidx.compose.runtime.MutableState<kotlin.String> declared in com.example.sheeps.leaderboard.LeaderboardActivity' type=kotlin.Function0<androidx.compose.runtime.MutableState<kotlin.String>> origin=INLINE_LAMBDA reflectionTarget=null
    VAR PROPERTY_DELEGATE name:rankings$delegate type:androidx.compose.runtime.MutableState<kotlin.collections.List<com.example.sheeps.data.model.RankingEntry>> [val]
      CALL 'public final fun remember <T> (calculation: @[DisallowComposableCalls] kotlin.Function0<T of androidx.compose.runtime.ComposablesKt.remember>): T of androidx.compose.runtime.ComposablesKt.remember [inline] declared in androidx.compose.runtime.ComposablesKt' type=androidx.compose.runtime.MutableState<kotlin.collections.List<com.example.sheeps.data.model.RankingEntry>> origin=null
        TYPE_ARG T: androidx.compose.runtime.MutableState<kotlin.collections.List<com.example.sheeps.data.model.RankingEntry>>
        ARG calculation: BLOCK type=kotlin.Function0<androidx.compose.runtime.MutableState<kotlin.collections.List<com.example.sheeps.data.model.RankingEntry>>> origin=LAMBDA
          COMPOSITE type=kotlin.Unit origin=null
          FUNCTION_REFERENCE 'private final fun showLeaderboardContent$lambda$0$0$3 (): androidx.compose.runtime.MutableState<kotlin.collections.List<com.example.sheeps.data.model.RankingEntry>> declared in com.example.sheeps.leaderboard.LeaderboardActivity' type=kotlin.Function0<androidx.compose.runtime.MutableState<kotlin.collections.List<com.example.sheeps.data.model.RankingEntry>>> origin=INLINE_LAMBDA reflectionTarget=null
    VAR PROPERTY_DELEGATE name:isLoading$delegate type:androidx.compose.runtime.MutableState<kotlin.Boolean> [val]
      CALL 'public final fun remember <T> (calculation: @[DisallowComposableCalls] kotlin.Function0<T of androidx.compose.runtime.ComposablesKt.remember>): T of androidx.compose.runtime.ComposablesKt.remember [inline] declared in androidx.compose.runtime.ComposablesKt' type=androidx.compose.runtime.MutableState<kotlin.Boolean> origin=null
        TYPE_ARG T: androidx.compose.runtime.MutableState<kotlin.Boolean>
        ARG calculation: BLOCK type=kotlin.Function0<androidx.compose.runtime.MutableState<kotlin.Boolean>> origin=LAMBDA
          COMPOSITE type=kotlin.Unit origin=null
          FUNCTION_REFERENCE 'private final fun showLeaderboardContent$lambda$0$0$6 (): androidx.compose.runtime.MutableState<kotlin.Boolean> declared in com.example.sheeps.leaderboard.LeaderboardActivity' type=kotlin.Function0<androidx.compose.runtime.MutableState<kotlin.Boolean>> origin=INLINE_LAMBDA reflectionTarget=null
    VAR name:loadRankings type:kotlin.Function0<kotlinx.coroutines.Job> [val]
      BLOCK type=kotlin.Function0<kotlinx.coroutines.Job> origin=LAMBDA
        COMPOSITE type=kotlin.Unit origin=null
        CALL 'public final fun <jvm-indy> <T> (dynamicCall: T of kotlin.jvm.internal.<jvm-indy>, bootstrapMethodHandle: kotlin.Any, vararg bootstrapMethodArguments: kotlin.Any): T of kotlin.jvm.internal.<jvm-indy> declared in kotlin.jvm.internal' type=kotlin.Function0<kotlinx.coroutines.Job> origin=null
          TYPE_ARG T: kotlin.Function0<kotlinx.coroutines.Job>
          ARG dynamicCall: CALL 'public final fun invoke (p0: com.example.sheeps.leaderboard.LeaderboardActivity, p1: androidx.compose.runtime.MutableState<kotlin.Boolean>, p2: androidx.compose.runtime.MutableState<kotlin.String>, p3: androidx.compose.runtime.MutableState<kotlin.collections.List<com.example.sheeps.data.model.RankingEntry>>): kotlin.Function0<kotlinx.coroutines.Job> declared in kotlin.jvm.internal.invokeDynamic' type=kotlin.Function0<kotlinx.coroutines.Job> origin=null
            ARG p0: GET_VAR 'this$0: com.example.sheeps.leaderboard.LeaderboardActivity declared in com.example.sheeps.leaderboard.LeaderboardActivity.showLeaderboardContent$lambda$0$0' type=com.example.sheeps.leaderboard.LeaderboardActivity origin=null
            ARG p1: GET_VAR 'val isLoading$delegate: androidx.compose.runtime.MutableState<kotlin.Boolean> [val] declared in com.example.sheeps.leaderboard.LeaderboardActivity.showLeaderboardContent$lambda$0$0' type=androidx.compose.runtime.MutableState<kotlin.Boolean> origin=null
            ARG p2: GET_VAR 'val selectedTab$delegate: androidx.compose.runtime.MutableState<kotlin.String> [val] declared in com.example.sheeps.leaderboard.LeaderboardActivity.showLeaderboardContent$lambda$0$0' type=androidx.compose.runtime.MutableState<kotlin.String> origin=null
            ARG p3: GET_VAR 'val rankings$delegate: androidx.compose.runtime.MutableState<kotlin.collections.List<com.example.sheeps.data.model.RankingEntry>> [val] declared in com.example.sheeps.leaderboard.LeaderboardActivity.showLeaderboardContent$lambda$0$0' type=androidx.compose.runtime.MutableState<kotlin.collections.List<com.example.sheeps.data.model.RankingEntry>> origin=null
          ARG bootstrapMethodHandle: CALL 'public final fun <jvm-method-handle> (tag: kotlin.Int, owner: kotlin.String, name: kotlin.String, descriptor: kotlin.String, isInterface: kotlin.Boolean): kotlin.Any declared in kotlin.jvm.internal' type=kotlin.Any origin=null
            ARG tag: CONST Int type=kotlin.Int value=6
            ARG owner: CONST String type=kotlin.String value="java/lang/invoke/LambdaMetafactory"
            ARG name: CONST String type=kotlin.String value="metafactory"
            ARG descriptor: CONST String type=kotlin.String value="(Ljava/lang/invoke/MethodHandles$Lookup;Ljava/lang/String;Ljava/lang/invoke/MethodType;Ljava/lang/invoke/MethodType;Ljava/lang/invoke/MethodHandle;Ljava/lang/invoke/MethodType;)Ljava/lang/invoke/CallSite;"
            ARG isInterface: CONST Boolean type=kotlin.Boolean value=false
          ARG bootstrapMethodArguments: VARARG type=kotlin.Array<kotlin.Any> varargElementType=kotlin.Any
            CALL 'public final fun <jvm-original-method-type> (method: kotlin.Any): kotlin.Any declared in kotlin.jvm.internal' type=kotlin.Any origin=null
              ARG method: RAW_FUNCTION_REFERENCE 'public abstract fun invoke (): R of kotlin.Function0 [operator] declared in kotlin.Function0' type=kotlin.Any
            RAW_FUNCTION_REFERENCE 'private final fun showLeaderboardContent$lambda$0$0$9 (this$0: com.example.sheeps.leaderboard.LeaderboardActivity, $isLoading$delegate: androidx.compose.runtime.MutableState<kotlin.Boolean>, $selectedTab$delegate: androidx.compose.runtime.MutableState<kotlin.String>, $rankings$delegate: androidx.compose.runtime.MutableState<kotlin.collections.List<com.example.sheeps.data.model.RankingEntry>>): kotlinx.coroutines.Job declared in com.example.sheeps.leaderboard.LeaderboardActivity' type=kotlin.Any
            CALL 'public final fun <jvm-original-method-type> (method: kotlin.Any): kotlin.Any declared in kotlin.jvm.internal' type=kotlin.Any origin=null
              ARG method: RAW_FUNCTION_REFERENCE 'public abstract fun invoke (): kotlinx.coroutines.Job [fake_override,operator] declared in kotlin.jvm.internal.invokeDynamic.<fake>' type=kotlin.Any
    CALL 'public final fun LaunchedEffect (key1: kotlin.Any?, block: @[ExtensionFunctionType] kotlin.coroutines.SuspendFunction1<kotlinx.coroutines.CoroutineScope, kotlin.Unit>): kotlin.Unit declared in androidx.compose.runtime.EffectsKt' type=kotlin.Unit origin=null
      ARG key1: CALL 'private final fun showLeaderboardContent$lambda$0$0$1 ($selectedTab$delegate: androidx.compose.runtime.MutableState<kotlin.String>): kotlin.String declared in com.example.sheeps.leaderboard.LeaderboardActivity' type=kotlin.String origin=GET_LOCAL_PROPERTY
        ARG $selectedTab$delegate: GET_VAR 'val selectedTab$delegate: androidx.compose.runtime.MutableState<kotlin.String> [val] declared in com.example.sheeps.leaderboard.LeaderboardActivity.showLeaderboardContent$lambda$0$0' type=androidx.compose.runtime.MutableState<kotlin.String> origin=null
      ARG block: BLOCK type=com.example.sheeps.leaderboard.LeaderboardActivity.showLeaderboardContent$lambda$0$0.<no name provided> origin=null
        CLASS SUSPEND_LAMBDA CLASS name:<no name provided> modality:FINAL visibility:public/*package*/ superTypes:[kotlin.coroutines.jvm.internal.SuspendLambda; kotlin.jvm.functions.Function2<kotlinx.coroutines.CoroutineScope, kotlin.coroutines.Continuation<kotlin.Unit>?, kotlin.Any?>]
          thisReceiver: VALUE_PARAMETER INSTANCE_RECEIVER kind:DispatchReceiver name:<this> type:com.example.sheeps.leaderboard.LeaderboardActivity.showLeaderboardContent$lambda$0$0.<no name provided>
          FIELD name:label type:kotlin.Int visibility:public/*package*/
          CONSTRUCTOR SUSPEND_LAMBDA visibility:public/*package*/ returnType:com.example.sheeps.leaderboard.LeaderboardActivity.showLeaderboardContent$lambda$0$0.<no name provided> [primary]
            VALUE_PARAMETER BOUND_VALUE_PARAMETER kind:Regular name:$loadRankings index:0 type:kotlin.Function0<kotlinx.coroutines.Job>
            VALUE_PARAMETER kind:Regular name:$completion index:1 type:kotlin.coroutines.Continuation<com.example.sheeps.leaderboard.LeaderboardActivity.showLeaderboardContent$lambda$0$0.<no name provided>>?
            BLOCK_BODY
              SET_FIELD 'FIELD FIELD_FOR_CAPTURED_VALUE name:$loadRankings type:kotlin.Function0<kotlinx.coroutines.Job> visibility:public/*package*/ [final] declared in com.example.sheeps.leaderboard.LeaderboardActivity.showLeaderboardContent$lambda$0$0.<no name provided>' type=kotlin.Unit origin=INITIALIZER_OF_FIELD_FOR_CAPTURED_VALUE
                receiver: GET_VAR '<this>: com.example.sheeps.leaderboard.LeaderboardActivity.showLeaderboardContent$lambda$0$0.<no name provided> declared in com.example.sheeps.leaderboard.LeaderboardActivity.showLeaderboardContent$lambda$0$0.<no name provided>' type=com.example.sheeps.leaderboard.LeaderboardActivity.showLeaderboardContent$lambda$0$0.<no name provided> origin=null
                value: GET_VAR '$loadRankings: kotlin.Function0<kotlinx.coroutines.Job> declared in com.example.sheeps.leaderboard.LeaderboardActivity.showLeaderboardContent$lambda$0$0.<no name provided>.<init>' type=kotlin.Function0<kotlinx.coroutines.Job> origin=null
              DELEGATING_CONSTRUCTOR_CALL 'public constructor <init> (arity: kotlin.Int, $completion: kotlin.coroutines.Continuation<kotlin.Any?>?) declared in kotlin.coroutines.jvm.internal.SuspendLambda'
                ARG arity: CONST Int type=kotlin.Int value=2
                ARG $completion: GET_VAR '$completion: kotlin.coroutines.Continuation<com.example.sheeps.leaderboard.LeaderboardActivity.showLeaderboardContent$lambda$0$0.<no name provided>>? declared in com.example.sheeps.leaderboard.LeaderboardActivity.showLeaderboardContent$lambda$0$0.<no name provided>.<init>' type=kotlin.coroutines.Continuation<com.example.sheeps.leaderboard.LeaderboardActivity.showLeaderboardContent$lambda$0$0.<no name provided>>? origin=null
              BLOCK type=kotlin.Unit origin=null
          FUN name:invokeSuspend visibility:public modality:FINAL returnType:kotlin.Any?
            VALUE_PARAMETER INSTANCE_RECEIVER kind:DispatchReceiver name:<this> index:0 type:com.example.sheeps.leaderboard.LeaderboardActivity.showLeaderboardContent$lambda$0$0.<no name provided>
            VALUE_PARAMETER kind:Regular name:$result index:1 type:kotlin.Result<kotlin.Any?>
            overridden:
              protected abstract fun invokeSuspend ($result: kotlin.Result<kotlin.Any?>): kotlin.Any? declared in kotlin.coroutines.jvm.internal.SuspendLambda
            BLOCK_BODY
              COMPOSITE type=kotlin.Unit origin=null
                CALL 'public abstract fun invoke (): R of kotlin.Function0 [operator] declared in kotlin.Function0' type=kotlinx.coroutines.Job origin=INVOKE
                  ARG <this>: GET_FIELD 'FIELD FIELD_FOR_CAPTURED_VALUE name:$loadRankings type:kotlin.Function0<kotlinx.coroutines.Job> visibility:public/*package*/ [final] declared in com.example.sheeps.leaderboard.LeaderboardActivity.showLeaderboardContent$lambda$0$0.<no name provided>' type=kotlin.Function0<kotlinx.coroutines.Job> origin=null
                    receiver: GET_VAR '<this>: com.example.sheeps.leaderboard.LeaderboardActivity.showLeaderboardContent$lambda$0$0.<no name provided> declared in com.example.sheeps.leaderboard.LeaderboardActivity.showLeaderboardContent$lambda$0$0.<no name provided>.invokeSuspend' type=com.example.sheeps.leaderboard.LeaderboardActivity.showLeaderboardContent$lambda$0$0.<no name provided> origin=null
                COMPOSITE type=kotlin.Unit origin=null
          FUN name:create visibility:public modality:FINAL returnType:kotlin.coroutines.Continuation<kotlin.Unit>
            VALUE_PARAMETER INSTANCE_RECEIVER kind:DispatchReceiver name:<this> index:0 type:com.example.sheeps.leaderboard.LeaderboardActivity.showLeaderboardContent$lambda$0$0.<no name provided>
            VALUE_PARAMETER kind:Regular name:value index:1 type:kotlin.Any?
            VALUE_PARAMETER kind:Regular name:$completion index:2 type:kotlin.coroutines.Continuation<kotlin.Nothing>
            overridden:
              public open fun create (value: kotlin.Any?, $completion: kotlin.coroutines.Continuation<kotlin.Nothing>): kotlin.coroutines.Continuation<kotlin.Unit> declared in kotlin.coroutines.jvm.internal.SuspendLambda
            BLOCK_BODY
              RETURN type=kotlin.Nothing from='public final fun create (value: kotlin.Any?, $completion: kotlin.coroutines.Continuation<kotlin.Nothing>): kotlin.coroutines.Continuation<kotlin.Unit> declared in com.example.sheeps.leaderboard.LeaderboardActivity.showLeaderboardContent$lambda$0$0.<no name provided>'
                CONSTRUCTOR_CALL 'public/*package*/ constructor <init> ($loadRankings: kotlin.Function0<kotlinx.coroutines.Job>, $completion: kotlin.coroutines.Continuation<com.example.sheeps.leaderboard.LeaderboardActivity.showLeaderboardContent$lambda$0$0.<no name provided>>?) [primary] declared in com.example.sheeps.leaderboard.LeaderboardActivity.showLeaderboardContent$lambda$0$0.<no name provided>' type=com.example.sheeps.leaderboard.LeaderboardActivity.showLeaderboardContent$lambda$0$0.<no name provided> origin=null
                  ARG $loadRankings: GET_FIELD 'FIELD FIELD_FOR_CAPTURED_VALUE name:$loadRankings type:kotlin.Function0<kotlinx.coroutines.Job> visibility:public/*package*/ [final] declared in com.example.sheeps.leaderboard.LeaderboardActivity.showLeaderboardContent$lambda$0$0.<no name provided>' type=kotlin.Function0<kotlinx.coroutines.Job> origin=null
                    receiver: GET_VAR '<this>: com.example.sheeps.leaderboard.LeaderboardActivity.showLeaderboardContent$lambda$0$0.<no name provided> declared in com.example.sheeps.leaderboard.LeaderboardActivity.showLeaderboardContent$lambda$0$0.<no name provided>.create' type=com.example.sheeps.leaderboard.LeaderboardActivity.showLeaderboardContent$lambda$0$0.<no name provided> origin=null
                  ARG $completion: GET_VAR '$completion: kotlin.coroutines.Continuation<kotlin.Nothing> declared in com.example.sheeps.leaderboard.LeaderboardActivity.showLeaderboardContent$lambda$0$0.<no name provided>.create' type=kotlin.coroutines.Continuation<kotlin.Nothing> origin=null
          FUN name:invoke visibility:public modality:FINAL returnType:kotlin.Any?
            VALUE_PARAMETER INSTANCE_RECEIVER kind:DispatchReceiver name:<this> index:0 type:com.example.sheeps.leaderboard.LeaderboardActivity.showLeaderboardContent$lambda$0$0.<no name provided>
            VALUE_PARAMETER kind:Regular name:p1 index:1 type:kotlinx.coroutines.CoroutineScope
            VALUE_PARAMETER kind:Regular name:p2 index:2 type:kotlin.coroutines.Continuation<kotlin.Unit>?
            overridden:
              public abstract fun invoke (p1: P1 of kotlin.jvm.functions.Function2, p2: P2 of kotlin.jvm.functions.Function2): R of kotlin.jvm.functions.Function2 declared in kotlin.jvm.functions.Function2
            BLOCK_BODY
              RETURN type=kotlin.Nothing from='public final fun invoke (p1: kotlinx.coroutines.CoroutineScope, p2: kotlin.coroutines.Continuation<kotlin.Unit>?): kotlin.Any? declared in com.example.sheeps.leaderboard.LeaderboardActivity.showLeaderboardContent$lambda$0$0.<no name provided>'
                CALL 'public final fun invokeSuspend ($result: kotlin.Result<kotlin.Any?>): kotlin.Any? declared in com.example.sheeps.leaderboard.LeaderboardActivity.showLeaderboardContent$lambda$0$0.<no name provided>' type=kotlin.Any? origin=null
                  ARG <this>: TYPE_OP type=com.example.sheeps.leaderboard.LeaderboardActivity.showLeaderboardContent$lambda$0$0.<no name provided> origin=IMPLICIT_CAST typeOperand=com.example.sheeps.leaderboard.LeaderboardActivity.showLeaderboardContent$lambda$0$0.<no name provided>
                    CALL 'public final fun create (value: kotlin.Any?, $completion: kotlin.coroutines.Continuation<kotlin.Nothing>): kotlin.coroutines.Continuation<kotlin.Unit> declared in com.example.sheeps.leaderboard.LeaderboardActivity.showLeaderboardContent$lambda$0$0.<no name provided>' type=kotlin.coroutines.Continuation<kotlin.Unit> origin=null
                      ARG <this>: GET_VAR '<this>: com.example.sheeps.leaderboard.LeaderboardActivity.showLeaderboardContent$lambda$0$0.<no name provided> declared in com.example.sheeps.leaderboard.LeaderboardActivity.showLeaderboardContent$lambda$0$0.<no name provided>.invoke' type=com.example.sheeps.leaderboard.LeaderboardActivity.showLeaderboardContent$lambda$0$0.<no name provided> origin=null
                      ARG value: GET_VAR 'p1: kotlinx.coroutines.CoroutineScope declared in com.example.sheeps.leaderboard.LeaderboardActivity.showLeaderboardContent$lambda$0$0.<no name provided>.invoke' type=kotlinx.coroutines.CoroutineScope origin=null
                      ARG $completion: GET_VAR 'p2: kotlin.coroutines.Continuation<kotlin.Unit>? declared in com.example.sheeps.leaderboard.LeaderboardActivity.showLeaderboardContent$lambda$0$0.<no name provided>.invoke' type=kotlin.coroutines.Continuation<kotlin.Unit>? origin=null
                  ARG $result: CALL 'public final fun <unsafe-coerce> <T, R> (v: T of kotlin.jvm.internal.<unsafe-coerce>): R of kotlin.jvm.internal.<unsafe-coerce> declared in kotlin.jvm.internal' type=kotlin.Result<kotlin.Any?> origin=null
                    TYPE_ARG T: kotlin.Any?
                    TYPE_ARG R: kotlin.Result<kotlin.Any?>
                    ARG v: GET_FIELD 'FIELD FIELD_FOR_OBJECT_INSTANCE name:INSTANCE type:kotlin.Unit visibility:public [final,static] declared in kotlin.Unit' type=kotlin.Unit origin=null
          FIELD FIELD_FOR_CAPTURED_VALUE name:$loadRankings type:kotlin.Function0<kotlinx.coroutines.Job> visibility:public/*package*/ [final]
          FUN BRIDGE name:invoke visibility:public modality:OPEN returnType:kotlin.Any?
            VALUE_PARAMETER INSTANCE_RECEIVER kind:DispatchReceiver name:<this> index:0 type:com.example.sheeps.leaderboard.LeaderboardActivity.showLeaderboardContent$lambda$0$0.<no name provided>
            VALUE_PARAMETER BRIDGE kind:Regular name:p1 index:1 type:kotlin.Any?
            VALUE_PARAMETER BRIDGE kind:Regular name:p2 index:2 type:kotlin.Any?
            EXPRESSION_BODY
              RETURN type=kotlin.Nothing from='public open fun invoke (p1: kotlin.Any?, p2: kotlin.Any?): kotlin.Any? declared in com.example.sheeps.leaderboard.LeaderboardActivity.showLeaderboardContent$lambda$0$0.<no name provided>'
                CALL 'public final fun invoke (p1: kotlinx.coroutines.CoroutineScope, p2: kotlin.coroutines.Continuation<kotlin.Unit>?): kotlin.Any? declared in com.example.sheeps.leaderboard.LeaderboardActivity.showLeaderboardContent$lambda$0$0.<no name provided>' type=kotlin.Any? origin=BRIDGE_DELEGATION
                  ARG <this>: GET_VAR '<this>: com.example.sheeps.leaderboard.LeaderboardActivity.showLeaderboardContent$lambda$0$0.<no name provided> declared in com.example.sheeps.leaderboard.LeaderboardActivity.showLeaderboardContent$lambda$0$0.<no name provided>.invoke' type=com.example.sheeps.leaderboard.LeaderboardActivity.showLeaderboardContent$lambda$0$0.<no name provided> origin=null
                  ARG p1: TYPE_OP type=kotlinx.coroutines.CoroutineScope origin=IMPLICIT_CAST typeOperand=kotlinx.coroutines.CoroutineScope
                    GET_VAR 'p1: kotlin.Any? declared in com.example.sheeps.leaderboard.LeaderboardActivity.showLeaderboardContent$lambda$0$0.<no name provided>.invoke' type=kotlin.Any? origin=null
                  ARG p2: TYPE_OP type=kotlin.coroutines.Continuation<*> origin=IMPLICIT_CAST typeOperand=kotlin.coroutines.Continuation<*>
                    GET_VAR 'p2: kotlin.Any? declared in com.example.sheeps.leaderboard.LeaderboardActivity.showLeaderboardContent$lambda$0$0.<no name provided>.invoke' type=kotlin.Any? origin=null
        CONSTRUCTOR_CALL 'public/*package*/ constructor <init> ($loadRankings: kotlin.Function0<kotlinx.coroutines.Job>, $completion: kotlin.coroutines.Continuation<com.example.sheeps.leaderboard.LeaderboardActivity.showLeaderboardContent$lambda$0$0.<no name provided>>?) [primary] declared in com.example.sheeps.leaderboard.LeaderboardActivity.showLeaderboardContent$lambda$0$0.<no name provided>' type=com.example.sheeps.leaderboard.LeaderboardActivity.showLeaderboardContent$lambda$0$0.<no name provided> origin=null
          ARG $loadRankings: GET_VAR 'val loadRankings: kotlin.Function0<kotlinx.coroutines.Job> [val] declared in com.example.sheeps.leaderboard.LeaderboardActivity.showLeaderboardContent$lambda$0$0' type=kotlin.Function0<kotlinx.coroutines.Job> origin=null
          ARG $completion: CONST Null type=kotlin.Nothing? value=null
    CALL 'public final fun Surface-PPo6-fI$default (modifier: androidx.compose.ui.Modifier?, shape: androidx.compose.ui.graphics.Shape?, $v$c$androidx-compose-ui-graphics-Color$-color$0: androidx.compose.ui.graphics.Color, $v$c$androidx-compose-ui-graphics-Color$-contentColor$0: androidx.compose.ui.graphics.Color, $v$c$androidx-compose-ui-unit-Dp$-tonalElevation$0: androidx.compose.ui.unit.Dp, $v$c$androidx-compose-ui-unit-Dp$-shadowElevation$0: androidx.compose.ui.unit.Dp, border: androidx.compose.foundation.BorderStroke?, content: @[Composable] kotlin.Function0<kotlin.Unit>, $mask0: kotlin.Int, $handler: kotlin.Any?): kotlin.Unit declared in androidx.compose.material3.SurfaceKt' type=kotlin.Unit origin=DEFAULT_DISPATCH_CALL
      ARG modifier: CALL 'public final fun fillMaxSize$default (<this>: androidx.compose.ui.Modifier, fraction: kotlin.Float, $mask0: kotlin.Int, $handler: kotlin.Any?): androidx.compose.ui.Modifier declared in androidx.compose.foundation.layout.SizeKt' type=androidx.compose.ui.Modifier origin=DEFAULT_DISPATCH_CALL
        ARG <this>: GET_FIELD 'FIELD FIELD_FOR_OBJECT_INSTANCE name:Companion type:androidx.compose.ui.Modifier.Companion visibility:public [final,static] declared in androidx.compose.ui.Modifier' type=androidx.compose.ui.Modifier.Companion origin=null
        ARG fraction: COMPOSITE type=kotlin.Float origin=DEFAULT_VALUE
          CONST Float type=kotlin.Float value=0.0
        ARG $mask0: CONST Int type=kotlin.Int value=1
        ARG $handler: CONST Null type=kotlin.Any? value=null
      ARG shape: COMPOSITE type=androidx.compose.ui.graphics.Shape? origin=DEFAULT_VALUE
        CONST Null type=androidx.compose.ui.graphics.Shape? value=null
      ARG $v$c$androidx-compose-ui-graphics-Color$-color$0: CALL 'public final fun getBackground-0d7_KjU (): androidx.compose.ui.graphics.Color declared in androidx.compose.material3.ColorScheme' type=androidx.compose.ui.graphics.Color origin=GET_PROPERTY
        ARG <this>: CALL 'public final fun <get-colorScheme> (): androidx.compose.material3.ColorScheme declared in androidx.compose.material3.MaterialTheme' type=androidx.compose.material3.ColorScheme origin=GET_PROPERTY
          ARG <this>: GET_FIELD 'FIELD FIELD_FOR_OBJECT_INSTANCE name:INSTANCE type:androidx.compose.material3.MaterialTheme visibility:public [final,static] declared in androidx.compose.material3.MaterialTheme' type=androidx.compose.material3.MaterialTheme origin=null
      ARG $v$c$androidx-compose-ui-graphics-Color$-contentColor$0: COMPOSITE type=androidx.compose.ui.graphics.Color origin=DEFAULT_VALUE
        CALL 'public final fun <unsafe-coerce> <T, R> (v: T of kotlin.jvm.internal.<unsafe-coerce>): R of kotlin.jvm.internal.<unsafe-coerce> declared in kotlin.jvm.internal' type=androidx.compose.ui.graphics.Color origin=null
          TYPE_ARG T: kotlin.Long
          TYPE_ARG R: androidx.compose.ui.graphics.Color
          ARG v: CONST Long type=kotlin.Long value=0
      ARG $v$c$androidx-compose-ui-unit-Dp$-tonalElevation$0: COMPOSITE type=androidx.compose.ui.unit.Dp origin=DEFAULT_VALUE
        CALL 'public final fun <unsafe-coerce> <T, R> (v: T of kotlin.jvm.internal.<unsafe-coerce>): R of kotlin.jvm.internal.<unsafe-coerce> declared in kotlin.jvm.internal' type=androidx.compose.ui.unit.Dp origin=null
          TYPE_ARG T: kotlin.Float
          TYPE_ARG R: androidx.compose.ui.unit.Dp
          ARG v: CONST Float type=kotlin.Float value=0.0
      ARG $v$c$androidx-compose-ui-unit-Dp$-shadowElevation$0: COMPOSITE type=androidx.compose.ui.unit.Dp origin=DEFAULT_VALUE
        CALL 'public final fun <unsafe-coerce> <T, R> (v: T of kotlin.jvm.internal.<unsafe-coerce>): R of kotlin.jvm.internal.<unsafe-coerce> declared in kotlin.jvm.internal' type=androidx.compose.ui.unit.Dp origin=null
          TYPE_ARG T: kotlin.Float
          TYPE_ARG R: androidx.compose.ui.unit.Dp
          ARG v: CONST Float type=kotlin.Float value=0.0
      ARG border: COMPOSITE type=androidx.compose.foundation.BorderStroke? origin=DEFAULT_VALUE
        CONST Null type=androidx.compose.foundation.BorderStroke? value=null
      ARG content: BLOCK type=kotlin.Function0<kotlin.Unit> origin=LAMBDA
        COMPOSITE type=kotlin.Unit origin=null
        CALL 'public final fun <jvm-indy> <T> (dynamicCall: T of kotlin.jvm.internal.<jvm-indy>, bootstrapMethodHandle: kotlin.Any, vararg bootstrapMethodArguments: kotlin.Any): T of kotlin.jvm.internal.<jvm-indy> declared in kotlin.jvm.internal' type=kotlin.Function0<kotlin.Unit> origin=null
          TYPE_ARG T: kotlin.Function0<kotlin.Unit>
          ARG dynamicCall: CALL 'public final fun invoke (p0: com.example.sheeps.leaderboard.LeaderboardActivity, p1: androidx.compose.runtime.MutableState<kotlin.String>, p2: androidx.compose.runtime.MutableState<kotlin.Boolean>, p3: androidx.compose.runtime.MutableState<kotlin.collections.List<com.example.sheeps.data.model.RankingEntry>>): kotlin.Function0<kotlin.Unit> declared in kotlin.jvm.internal.invokeDynamic' type=kotlin.Function0<kotlin.Unit> origin=null
            ARG p0: GET_VAR 'this$0: com.example.sheeps.leaderboard.LeaderboardActivity declared in com.example.sheeps.leaderboard.LeaderboardActivity.showLeaderboardContent$lambda$0$0' type=com.example.sheeps.leaderboard.LeaderboardActivity origin=null
            ARG p1: GET_VAR 'val selectedTab$delegate: androidx.compose.runtime.MutableState<kotlin.String> [val] declared in com.example.sheeps.leaderboard.LeaderboardActivity.showLeaderboardContent$lambda$0$0' type=androidx.compose.runtime.MutableState<kotlin.String> origin=null
            ARG p2: GET_VAR 'val isLoading$delegate: androidx.compose.runtime.MutableState<kotlin.Boolean> [val] declared in com.example.sheeps.leaderboard.LeaderboardActivity.showLeaderboardContent$lambda$0$0' type=androidx.compose.runtime.MutableState<kotlin.Boolean> origin=null
            ARG p3: GET_VAR 'val rankings$delegate: androidx.compose.runtime.MutableState<kotlin.collections.List<com.example.sheeps.data.model.RankingEntry>> [val] declared in com.example.sheeps.leaderboard.LeaderboardActivity.showLeaderboardContent$lambda$0$0' type=androidx.compose.runtime.MutableState<kotlin.collections.List<com.example.sheeps.data.model.RankingEntry>> origin=null
          ARG bootstrapMethodHandle: CALL 'public final fun <jvm-method-handle> (tag: kotlin.Int, owner: kotlin.String, name: kotlin.String, descriptor: kotlin.String, isInterface: kotlin.Boolean): kotlin.Any declared in kotlin.jvm.internal' type=kotlin.Any origin=null
            ARG tag: CONST Int type=kotlin.Int value=6
            ARG owner: CONST String type=kotlin.String value="java/lang/invoke/LambdaMetafactory"
            ARG name: CONST String type=kotlin.String value="metafactory"
            ARG descriptor: CONST String type=kotlin.String value="(Ljava/lang/invoke/MethodHandles$Lookup;Ljava/lang/String;Ljava/lang/invoke/MethodType;Ljava/lang/invoke/MethodType;Ljava/lang/invoke/MethodHandle;Ljava/lang/invoke/MethodType;)Ljava/lang/invoke/CallSite;"
            ARG isInterface: CONST Boolean type=kotlin.Boolean value=false
          ARG bootstrapMethodArguments: VARARG type=kotlin.Array<kotlin.Any> varargElementType=kotlin.Any
            CALL 'public final fun <jvm-original-method-type> (method: kotlin.Any): kotlin.Any declared in kotlin.jvm.internal' type=kotlin.Any origin=null
              ARG method: RAW_FUNCTION_REFERENCE 'public abstract fun invoke (): R of kotlin.Function0 [operator] declared in kotlin.Function0' type=kotlin.Any
            RAW_FUNCTION_REFERENCE 'private final fun showLeaderboardContent$lambda$0$0$10 (this$0: com.example.sheeps.leaderboard.LeaderboardActivity, $selectedTab$delegate: androidx.compose.runtime.MutableState<kotlin.String>, $isLoading$delegate: androidx.compose.runtime.MutableState<kotlin.Boolean>, $rankings$delegate: androidx.compose.runtime.MutableState<kotlin.collections.List<com.example.sheeps.data.model.RankingEntry>>): kotlin.Unit? declared in com.example.sheeps.leaderboard.LeaderboardActivity' type=kotlin.Any
            CALL 'public final fun <jvm-original-method-type> (method: kotlin.Any): kotlin.Any declared in kotlin.jvm.internal' type=kotlin.Any origin=null
              ARG method: RAW_FUNCTION_REFERENCE 'public abstract fun invoke (): kotlin.Unit? [fake_override,operator] declared in kotlin.jvm.internal.invokeDynamic.<fake>' type=kotlin.Any
      ARG $mask0: CONST Int type=kotlin.Int value=122
      ARG $handler: CONST Null type=kotlin.Any? value=null

	at org.jetbrains.kotlin.backend.jvm.codegen.FunctionCodegen.generate(FunctionCodegen.kt:53)
	at org.jetbrains.kotlin.backend.jvm.codegen.FunctionCodegen.generate$default(FunctionCodegen.kt:46)
	at org.jetbrains.kotlin.backend.jvm.codegen.ClassCodegen.generateMethodNode(ClassCodegen.kt:422)
	at org.jetbrains.kotlin.backend.jvm.codegen.ClassCodegen.generateMethod(ClassCodegen.kt:439)
	at org.jetbrains.kotlin.backend.jvm.codegen.ClassCodegen.generate(ClassCodegen.kt:164)
	at org.jetbrains.kotlin.backend.jvm.JvmIrCodegenFactory.generateFile(JvmIrCodegenFactory.kt:446)
	at org.jetbrains.kotlin.backend.jvm.JvmIrCodegenFactory.invokeCodegen(JvmIrCodegenFactory.kt:413)
	at org.jetbrains.kotlin.cli.jvm.compiler.KotlinToJVMBytecodeCompiler.runCodegen$cli(KotlinToJVMBytecodeCompiler.kt:425)
	at org.jetbrains.kotlin.cli.pipeline.jvm.JvmBackendPipelinePhase.executePhase(JvmBackendPipelinePhase.kt:89)
	at org.jetbrains.kotlin.cli.pipeline.jvm.JvmBackendPipelinePhase.executePhase(JvmBackendPipelinePhase.kt:27)
	at org.jetbrains.kotlin.cli.pipeline.PipelinePhase.phaseBody(PipelinePhase.kt:68)
	at org.jetbrains.kotlin.cli.pipeline.PipelinePhase.phaseBody(PipelinePhase.kt:58)
	at org.jetbrains.kotlin.config.phaser.NamedCompilerPhase.invoke(CompilerPhase.kt:102)
	at org.jetbrains.kotlin.backend.common.phaser.CompositePhase.invoke(PhaseBuilders.kt:22)
	at org.jetbrains.kotlin.config.phaser.CompilerPhaseKt.invokeToplevel(CompilerPhase.kt:53)
	at org.jetbrains.kotlin.cli.pipeline.AbstractCliPipeline.runPhasedPipeline(AbstractCliPipeline.kt:109)
	at org.jetbrains.kotlin.cli.pipeline.AbstractCliPipeline.execute(AbstractCliPipeline.kt:68)
	at org.jetbrains.kotlin.cli.jvm.K2JVMCompiler.doExecutePhased(K2JVMCompiler.kt:79)
	at org.jetbrains.kotlin.cli.jvm.K2JVMCompiler.doExecutePhased(K2JVMCompiler.kt:45)
	at org.jetbrains.kotlin.cli.common.CLICompiler.execImpl(CLICompiler.kt:90)
	at org.jetbrains.kotlin.cli.common.CLICompiler.exec(CLICompiler.kt:352)
	at org.jetbrains.kotlin.incremental.IncrementalJvmCompilerRunnerBase.runCompiler(IncrementalJvmCompilerRunnerBase.kt:176)
	at org.jetbrains.kotlin.incremental.IncrementalJvmCompilerRunnerBase.runCompiler(IncrementalJvmCompilerRunnerBase.kt:39)
	at org.jetbrains.kotlin.incremental.IncrementalCompilerRunner.doCompile(IncrementalCompilerRunner.kt:499)
	at org.jetbrains.kotlin.incremental.IncrementalCompilerRunner.compileImpl(IncrementalCompilerRunner.kt:416)
	at org.jetbrains.kotlin.incremental.IncrementalCompilerRunner.compileNonIncrementally(IncrementalCompilerRunner.kt:301)
	at org.jetbrains.kotlin.incremental.IncrementalCompilerRunner.compile(IncrementalCompilerRunner.kt:128)
	at org.jetbrains.kotlin.daemon.CompileServiceImplBase.execIncrementalCompiler(CompileServiceImpl.kt:684)
	at org.jetbrains.kotlin.daemon.CompileServiceImplBase.access$execIncrementalCompiler(CompileServiceImpl.kt:94)
	at org.jetbrains.kotlin.daemon.CompileServiceImpl.compile(CompileServiceImpl.kt:1810)
	at java.base/jdk.internal.reflect.NativeMethodAccessorImpl.invoke0(Native Method)
	at java.base/jdk.internal.reflect.NativeMethodAccessorImpl.invoke(NativeMethodAccessorImpl.java:77)
	at java.base/jdk.internal.reflect.DelegatingMethodAccessorImpl.invoke(DelegatingMethodAccessorImpl.java:43)
	at java.base/java.lang.reflect.Method.invoke(Method.java:569)
	at java.rmi/sun.rmi.server.UnicastServerRef.dispatch(UnicastServerRef.java:360)
	at java.rmi/sun.rmi.transport.Transport$1.run(Transport.java:200)
	at java.rmi/sun.rmi.transport.Transport$1.run(Transport.java:197)
	at java.base/java.security.AccessController.doPrivileged(AccessController.java:712)
	at java.rmi/sun.rmi.transport.Transport.serviceCall(Transport.java:196)
	at java.rmi/sun.rmi.transport.tcp.TCPTransport.handleMessages(TCPTransport.java:587)
	at java.rmi/sun.rmi.transport.tcp.TCPTransport$ConnectionHandler.run0(TCPTransport.java:828)
	at java.rmi/sun.rmi.transport.tcp.TCPTransport$ConnectionHandler.lambda$run$0(TCPTransport.java:705)
	at java.base/java.security.AccessController.doPrivileged(AccessController.java:399)
	at java.rmi/sun.rmi.transport.tcp.TCPTransport$ConnectionHandler.run(TCPTransport.java:704)
	at java.base/java.util.concurrent.ThreadPoolExecutor.runWorker(ThreadPoolExecutor.java:1136)
	at java.base/java.util.concurrent.ThreadPoolExecutor$Worker.run(ThreadPoolExecutor.java:635)
	at java.base/java.lang.Thread.run(Thread.java:840)
Caused by: org.jetbrains.kotlin.codegen.CompilationException: Back-end (JVM) Internal error: Couldn't inline method call: CALL 'public final fun remember <T> (calculation: @[DisallowComposableCalls] kotlin.Function0<T of androidx.compose.runtime.ComposablesKt.remember>): T of androidx.compose.runtime.ComposablesKt.remember [inline] declared in androidx.compose.runtime.ComposablesKt' type=androidx.compose.runtime.MutableState<kotlin.String> origin=null
Method: null
File is unknown
The root cause java.lang.IllegalStateException was thrown at: org.jetbrains.kotlin.codegen.inline.SourceCompilerForInlineKt.getMethodNode(SourceCompilerForInline.kt:129)
	at org.jetbrains.kotlin.backend.jvm.codegen.IrInlineCodegen.genInlineCall(IrInlineCodegen.kt:82)
	at org.jetbrains.kotlin.backend.jvm.codegen.IrInlineCallGenerator.genCall(IrInlineCallGenerator.kt:36)
	at org.jetbrains.kotlin.backend.jvm.codegen.ExpressionCodegen.visitCall(ExpressionCodegen.kt:589)
	at org.jetbrains.kotlin.backend.jvm.codegen.ExpressionCodegen.visitCall(ExpressionCodegen.kt:134)
	at org.jetbrains.kotlin.ir.expressions.IrCall.accept(IrCall.kt:24)
	at org.jetbrains.kotlin.backend.jvm.codegen.ExpressionCodegen.visitVariable(ExpressionCodegen.kt:729)
	at org.jetbrains.kotlin.backend.jvm.codegen.ExpressionCodegen.visitVariable(ExpressionCodegen.kt:134)
	at org.jetbrains.kotlin.ir.declarations.IrVariable.accept(IrVariable.kt:36)
	at org.jetbrains.kotlin.backend.jvm.codegen.ExpressionCodegen.visitStatementContainer(ExpressionCodegen.kt:530)
	at org.jetbrains.kotlin.backend.jvm.codegen.ExpressionCodegen.visitBlockBody(ExpressionCodegen.kt:535)
	at org.jetbrains.kotlin.backend.jvm.codegen.ExpressionCodegen.visitBlockBody(ExpressionCodegen.kt:134)
	at org.jetbrains.kotlin.ir.expressions.IrBlockBody.accept(IrBlockBody.kt:20)
	at org.jetbrains.kotlin.backend.jvm.codegen.ExpressionCodegen.generate(ExpressionCodegen.kt:232)
	at org.jetbrains.kotlin.backend.jvm.codegen.FunctionCodegen.doGenerate(FunctionCodegen.kt:129)
	at org.jetbrains.kotlin.backend.jvm.codegen.FunctionCodegen.generate(FunctionCodegen.kt:50)
	... 46 more
Caused by: java.lang.IllegalStateException: couldn't find inline method Landroidx/compose/runtime/ComposablesKt;.remember(Lkotlin/jvm/functions/Function0;)Ljava/lang/Object;
	at org.jetbrains.kotlin.codegen.inline.SourceCompilerForInlineKt.getMethodNode(SourceCompilerForInline.kt:129)
	at org.jetbrains.kotlin.codegen.inline.SourceCompilerForInlineKt.loadCompiledInlineFunction$lambda$0(SourceCompilerForInline.kt:98)
	at org.jetbrains.kotlin.codegen.inline.InlineCache.computeMethodBytes(InlineCache.kt:90)
	at org.jetbrains.kotlin.codegen.inline.SourceCompilerForInlineKt.loadCompiledInlineFunction(SourceCompilerForInline.kt:93)
	at org.jetbrains.kotlin.backend.jvm.codegen.IrSourceCompilerForInline.compileInlineFunction(IrSourceCompilerForInline.kt:96)
	at org.jetbrains.kotlin.backend.jvm.codegen.IrInlineCodegen.genInlineCall(IrInlineCodegen.kt:65)
	... 60 more


